<?xml version="1.0" encoding="UTF-8"?>
<!-- Generated by org.testng.reporters.JUnitReportReporter -->
<testsuite hostname="DESKTOP-RL6VASP" failures="0" tests="1" name="com.restasuured.auto.testscripts.RestJavaFirstClass" time="1.739" errors="0" timestamp="2024-03-30T12:10:47 IST" skipped="0">
  <testcase classname="com.restasuured.auto.testscripts.RestJavaFirstClass" name="test" time="1.739"/>
</testsuite> <!-- com.restasuured.auto.testscripts.RestJavaFirstClass -->
